# = Caracter
include = Identificador
< = OpRelacional
stdio = Identificador
. = Caracter
h = Identificador
> = OpRelacional
# = Caracter
include = Identificador
< = OpRelacional
math = Identificador
. = Caracter
h = Identificador
> = OpRelacional
int = TipoDatos
altura = Identificador
, = Caracter
i = Identificador
, = Caracter
j = Identificador
; = FinSentencia
float = TipoDatos
x = Identificador
, = Caracter
y = Identificador
; = FinSentencia
void = Identificador
main = Identificador
( = Caracter
) = Caracter
{ = LlaveInicio
y = Identificador
= = Asignacion
10 = Numero
; = FinSentencia
x = Identificador
= = Asignacion
9 = Numero
; = FinSentencia
x = Identificador
+= = IncTermino
( = Caracter
3 = Numero
+ = OpTermino
5 = Numero
) = Caracter
* = OpFactor
8 = Numero
- = OpTermino
( = Caracter
10 = Numero
- = OpTermino
4 = Numero
) = Caracter
/ = OpFactor
2 = Numero
; = FinSentencia
x = Identificador
/= = IncFactor
( = Caracter
y = Identificador
- = OpTermino
3 = Numero
) = Caracter
; = FinSentencia
x = Identificador
-- = IncTermino
; = FinSentencia
x = Identificador
*= = IncFactor
( = Caracter
x = Identificador
- = OpTermino
7 = Numero
) = Caracter
; = FinSentencia
printf = Identificador
( = Caracter
"\nValor de altura = " = Cadena
) = Caracter
; = FinSentencia
scanf = Identificador
( = Caracter
"%d" = Cadena
, = Caracter
& = Caracter
altura = Identificador
) = Caracter
; = FinSentencia
for = reservada
( = Caracter
i = Identificador
= = Asignacion
1 = Numero
; = FinSentencia
i = Identificador
<= = OpRelacional
altura = Identificador
; = FinSentencia
i = Identificador
++ = IncTermino
) = Caracter
{ = LlaveInicio
for = reservada
( = Caracter
j = Identificador
= = Asignacion
1 = Numero
; = FinSentencia
j = Identificador
<= = OpRelacional
i = Identificador
; = FinSentencia
j = Identificador
++ = IncTermino
) = Caracter
{ = LlaveInicio
printf = Identificador
( = Caracter
"" = Cadena
, = Caracter
j = Identificador
) = Caracter
; = FinSentencia
} = LlaveFin
printf = Identificador
( = Caracter
"\n" = Cadena
) = Caracter
; = FinSentencia
} = LlaveFin
i = Identificador
= = Asignacion
0 = Numero
; = FinSentencia
do = reservada
{ = LlaveInicio
printf = Identificador
( = Caracter
"-" = Cadena
) = Caracter
; = FinSentencia
i = Identificador
++ = IncTermino
; = FinSentencia
} = LlaveFin
while = reservada
( = Caracter
i = Identificador
< = OpRelacional
altura = Identificador
* = OpFactor
2 = Numero
) = Caracter
; = FinSentencia
printf = Identificador
( = Caracter
"\n" = Cadena
) = Caracter
; = FinSentencia
for = reservada
( = Caracter
i = Identificador
= = Asignacion
1 = Numero
; = FinSentencia
i = Identificador
<= = OpRelacional
altura = Identificador
; = FinSentencia
i = Identificador
++ = IncTermino
) = Caracter
{ = LlaveInicio
j = Identificador
= = Asignacion
1 = Numero
; = FinSentencia
while = reservada
( = Caracter
j = Identificador
<= = OpRelacional
i = Identificador
) = Caracter
{ = LlaveInicio
printf = Identificador
( = Caracter
"" = Cadena
, = Caracter
j = Identificador
) = Caracter
; = FinSentencia
j = Identificador
++ = IncTermino
; = FinSentencia
} = LlaveFin
printf = Identificador
( = Caracter
"\n" = Cadena
) = Caracter
; = FinSentencia
} = LlaveFin
i = Identificador
= = Asignacion
0 = Numero
; = FinSentencia
do = reservada
{ = LlaveInicio
printf = Identificador
( = Caracter
"-" = Cadena
) = Caracter
; = FinSentencia
i = Identificador
++ = IncTermino
; = FinSentencia
} = LlaveFin
while = reservada
( = Caracter
i = Identificador
< = OpRelacional
altura = Identificador
* = OpFactor
2 = Numero
) = Caracter
; = FinSentencia
printf = Identificador
( = Caracter
"\n" = Cadena
) = Caracter
; = FinSentencia
} = LlaveFin
 = LlaveFin
